<<<<<<< HEAD
[NVKEY] Sector #0 Status: Status Bytes=0x3f Invalid Bytes=0 Space Bytes=9 Read-Only=0
[NVKEY] Sector #1 Status: Status Bytes=0x3f Invalid Bytes=0 Space Bytes=9 Read-Only=0
[NVKEY] Sector #2 Status: Status Bytes=0x3f Invalid Bytes=0 Space Bytes=7 Read-Only=0
[NVKEY] Sector #3 Status: Status Bytes=0x3f Invalid Bytes=0 Space Bytes=7 Read-Only=0
[NVKEY] Sector #4 Status: Status Bytes=0x3f Invalid Bytes=0 Space Bytes=2 Read-Only=0
[NVKEY] Sector #5 Status: Status Bytes=0x3f Invalid Bytes=0 Space Bytes=7 Read-Only=0
[NVKEY] Sector #6 Status: Status Bytes=0x3f Invalid Bytes=0 Space Bytes=1384 Read-Only=0
[NVKEY] Sector #7 Status: Status Bytes=0xff Invalid Bytes=0 Space Bytes=0 Read-Only=0
=======
[NVKEY] Sector #0 Status: Status Bytes=0x3f Invalid Bytes=0 Space Bytes=8 Read-Only=0
[NVKEY] Sector #1 Status: Status Bytes=0x3f Invalid Bytes=0 Space Bytes=5 Read-Only=0
[NVKEY] Sector #2 Status: Status Bytes=0x3f Invalid Bytes=0 Space Bytes=2 Read-Only=0
[NVKEY] Sector #3 Status: Status Bytes=0x3f Invalid Bytes=0 Space Bytes=3 Read-Only=0
[NVKEY] Sector #4 Status: Status Bytes=0x3f Invalid Bytes=0 Space Bytes=1 Read-Only=0
[NVKEY] Sector #5 Status: Status Bytes=0x3f Invalid Bytes=0 Space Bytes=832 Read-Only=0
[NVKEY] Sector #6 Status: Status Bytes=0xff Invalid Bytes=0 Space Bytes=0 Read-Only=0
[NVKEY] Sector #7 Status: Status Bytes=0x3f Invalid Bytes=0 Space Bytes=4095 Read-Only=0
>>>>>>> db20e11 (second commit)
[NVKEY] Sector #8 Status: Status Bytes=0x3f Invalid Bytes=0 Space Bytes=4095 Read-Only=0
[NVKEY] Sector #9 Status: Status Bytes=0x3f Invalid Bytes=0 Space Bytes=4095 Read-Only=0
